"../../../Engine/Content/EditorResources/S_Actor.ubulk" 0
"../../../Engine/Content/EditorResources/S_Actor.uasset" 1
"../../../Engine/Content/EditorResources/S_Actor.uexp" 2
"../../../Engine/Content/EditorResources/S_BoxReflectionCapture.uasset" 3
"../../../Engine/Content/EditorResources/S_BoxReflectionCapture.uexp" 4
"../../../Engine/Content/EngineResources/DefaultTexture.ubulk" 5
"../../../Engine/Content/EngineResources/DefaultTexture.uasset" 6
"../../../Engine/Content/EngineResources/DefaultTexture.uexp" 7
"../../../Engine/Content/EngineResources/DefaultTextureCube.uasset" 8
"../../../Engine/Content/EngineResources/DefaultTextureCube.uexp" 9
"../../../Engine/Content/EngineResources/DefaultVolumeTexture2D.uasset" 10
"../../../Engine/Content/EngineResources/DefaultVolumeTexture2D.uexp" 11
"../../../Engine/Content/EngineResources/DefaultVolumeTexture.uasset" 12
"../../../Engine/Content/EngineResources/DefaultVolumeTexture.uexp" 13
"../../../Engine/Content/EditorResources/S_Trigger.ubulk" 14
"../../../Engine/Content/EditorResources/S_Trigger.uasset" 15
"../../../Engine/Content/EditorResources/S_Trigger.uexp" 16
"../../../Engine/Content/EditorResources/S_TriggerBox.uasset" 17
"../../../Engine/Content/EditorResources/S_TriggerBox.uexp" 18
"../../../Engine/Content/EditorResources/S_TriggerCapsule.uasset" 19
"../../../Engine/Content/EditorResources/S_TriggerCapsule.uexp" 20
"../../../Engine/Content/EditorResources/S_TriggerSphere.uasset" 21
"../../../Engine/Content/EditorResources/S_TriggerSphere.uexp" 22
"../../../Engine/Content/EngineMeshes/Sphere.ubulk" 23
"../../../Engine/Content/EngineMeshes/Sphere.uasset" 24
"../../../Engine/Content/EngineMeshes/Sphere.uexp" 25
"../../../Engine/Content/EngineResources/GradientTexture0.uasset" 26
"../../../Engine/Content/EngineResources/GradientTexture0.uexp" 27
"../../../Engine/Content/EngineResources/Black.uasset" 28
"../../../Engine/Content/EngineResources/Black.uexp" 29
"../../../Engine/Content/VREditor/LaserPointer/VR_LaserPower_01.ubulk" 30
"../../../Engine/Content/VREditor/LaserPointer/VR_LaserPower_01.uasset" 31
"../../../Engine/Content/VREditor/LaserPointer/VR_LaserPower_01.uexp" 32
"../../../Engine/Content/VREditor/TransformGizmo/TransformGizmoMaterial.uasset" 33
"../../../Engine/Content/VREditor/TransformGizmo/TransformGizmoMaterial.uexp" 34
"../../../Engine/Content/VREditor/TransformGizmo/TranslucentTransformGizmoMaterial.uasset" 35
"../../../Engine/Content/VREditor/TransformGizmo/TranslucentTransformGizmoMaterial.uexp" 36
"../../../Engine/Content/VREditor/TransformGizmo/PlaneTranslationHandle.ubulk" 37
"../../../Engine/Content/VREditor/TransformGizmo/PlaneTranslationHandle.uasset" 38
"../../../Engine/Content/VREditor/TransformGizmo/PlaneTranslationHandle.uexp" 39
"../../../Engine/Content/VREditor/TransformGizmo/BoundingBoxCorner.ubulk" 40
"../../../Engine/Content/VREditor/TransformGizmo/BoundingBoxCorner.uasset" 41
"../../../Engine/Content/VREditor/TransformGizmo/BoundingBoxCorner.uexp" 42
"../../../Engine/Content/VREditor/TransformGizmo/BoundingBoxEdge.ubulk" 43
"../../../Engine/Content/VREditor/TransformGizmo/BoundingBoxEdge.uasset" 44
"../../../Engine/Content/VREditor/TransformGizmo/BoundingBoxEdge.uexp" 45
"../../../Engine/Content/VREditor/TransformGizmo/Main.uasset" 46
"../../../Engine/Content/VREditor/TransformGizmo/Main.uexp" 47
"../../../Engine/Content/VREditor/TransformGizmo/Xray.uasset" 48
"../../../Engine/Content/VREditor/TransformGizmo/Xray.uexp" 49
"../../../Engine/Content/VREditor/TransformGizmo/SM_Sequencer_Node.ubulk" 50
"../../../Engine/Content/VREditor/TransformGizmo/SM_Sequencer_Node.uasset" 51
"../../../Engine/Content/VREditor/TransformGizmo/SM_Sequencer_Node.uexp" 52
"../../../Engine/Content/EditorMaterials/Camera/CineMat.uasset" 53
"../../../Engine/Content/EditorMaterials/Camera/CineMat.uexp" 54
"../../../Engine/Content/EditorMaterials/Camera/MI_CineMat_Rig.uasset" 55
"../../../Engine/Content/EditorMaterials/Camera/MI_CineMat_Rig.uexp" 56
"../../../Engine/Content/EditorMeshes/Camera/SM_CraneRig_Base.ubulk" 57
"../../../Engine/Content/EditorMeshes/Camera/SM_CraneRig_Base.uasset" 58
"../../../Engine/Content/EditorMeshes/Camera/SM_CraneRig_Base.uexp" 59
"../../../Engine/Content/EditorMeshes/Camera/SM_CraneRig_Arm.ubulk" 60
"../../../Engine/Content/EditorMeshes/Camera/SM_CraneRig_Arm.uasset" 61
"../../../Engine/Content/EditorMeshes/Camera/SM_CraneRig_Arm.uexp" 62
"../../../Engine/Content/EditorMeshes/Camera/SM_CraneRig_Mount.ubulk" 63
"../../../Engine/Content/EditorMeshes/Camera/SM_CraneRig_Mount.uasset" 64
"../../../Engine/Content/EditorMeshes/Camera/SM_CraneRig_Mount.uexp" 65
"../../../Engine/Content/EditorMeshes/Camera/SM_CraneRig_Body.ubulk" 66
"../../../Engine/Content/EditorMeshes/Camera/SM_CraneRig_Body.uasset" 67
"../../../Engine/Content/EditorMeshes/Camera/SM_CraneRig_Body.uexp" 68
"../../../Engine/Content/EditorMeshes/Camera/SM_RailRig_Track.ubulk" 69
"../../../Engine/Content/EditorMeshes/Camera/SM_RailRig_Track.uasset" 70
"../../../Engine/Content/EditorMeshes/Camera/SM_RailRig_Track.uexp" 71
"../../../Engine/Content/EditorMeshes/Camera/SM_RailRig_Mount.ubulk" 72
"../../../Engine/Content/EditorMeshes/Camera/SM_RailRig_Mount.uasset" 73
"../../../Engine/Content/EditorMeshes/Camera/SM_RailRig_Mount.uexp" 74
"../../../Engine/Content/EngineMaterials/T_Default_Material_Grid_M.ubulk" 75
"../../../Engine/Content/EngineMaterials/T_Default_Material_Grid_M.uasset" 76
"../../../Engine/Content/EngineMaterials/T_Default_Material_Grid_M.uexp" 77
"../../../Engine/Content/EngineMaterials/T_Default_Material_Grid_N.ubulk" 78
"../../../Engine/Content/EngineMaterials/T_Default_Material_Grid_N.uasset" 79
"../../../Engine/Content/EngineMaterials/T_Default_Material_Grid_N.uexp" 80
"../../../Engine/Content/Functions/Engine_MaterialFunctions01/Opacity/CameraDepthFade.uasset" 81
"../../../Engine/Content/Functions/Engine_MaterialFunctions01/Opacity/CameraDepthFade.uexp" 82
"../../../Engine/Content/EngineMaterials/WorldGridMaterial.uasset" 83
"../../../Engine/Content/EngineMaterials/WorldGridMaterial.uexp" 84
"../../../Engine/Content/ArtTools/RenderToTexture/Meshes/S_1_Unit_Plane.ubulk" 85
"../../../Engine/Content/ArtTools/RenderToTexture/Meshes/S_1_Unit_Plane.uasset" 86
"../../../Engine/Content/ArtTools/RenderToTexture/Meshes/S_1_Unit_Plane.uexp" 87
"../../../Engine/Content/EditorMaterials/ParticleSystems/PSysThumbnail_NoImage.ubulk" 88
"../../../Engine/Content/EditorMaterials/ParticleSystems/PSysThumbnail_NoImage.uasset" 89
"../../../Engine/Content/EditorMaterials/ParticleSystems/PSysThumbnail_NoImage.uexp" 90
"../../../Engine/Content/EditorMaterials/ParticleSystems/PSysThumbnail_OOD.ubulk" 91
"../../../Engine/Content/EditorMaterials/ParticleSystems/PSysThumbnail_OOD.uasset" 92
"../../../Engine/Content/EditorMaterials/ParticleSystems/PSysThumbnail_OOD.uexp" 93
"../../../Engine/Content/EditorLandscapeResources/SplineEditorMeshMat.uasset" 94
"../../../Engine/Content/EditorLandscapeResources/SplineEditorMeshMat.uexp" 95
"../../../Engine/Content/EditorLandscapeResources/SplineEditorMesh.ubulk" 96
"../../../Engine/Content/EditorLandscapeResources/SplineEditorMesh.uasset" 97
"../../../Engine/Content/EditorLandscapeResources/SplineEditorMesh.uexp" 98
"../../../Engine/Content/EditorResources/S_Solver.ubulk" 99
"../../../Engine/Content/EditorResources/S_Solver.uasset" 100
"../../../Engine/Content/EditorResources/S_Solver.uexp" 101
"../../../Engine/Plugins/Media/MediaPlate/Content/SM_MediaPlateScreen.ubulk" 102
"../../../Engine/Plugins/Media/MediaPlate/Content/SM_MediaPlateScreen.uasset" 103
"../../../Engine/Plugins/Media/MediaPlate/Content/SM_MediaPlateScreen.uexp" 104
"../../../Engine/Content/EngineMaterials/Good64x64TilingNoiseHighFreq.uasset" 105
"../../../Engine/Content/EngineMaterials/Good64x64TilingNoiseHighFreq.uexp" 106
"../../../Engine/Content/EngineMaterials/DefaultBokeh.uasset" 107
"../../../Engine/Content/EngineMaterials/DefaultBokeh.uexp" 108
"../../../Engine/Content/EngineMaterials/PreintegratedSkinBRDF.uasset" 109
"../../../Engine/Content/EngineMaterials/PreintegratedSkinBRDF.uexp" 110
"../../../Engine/Content/EngineMaterials/MiniFont.uasset" 111
"../../../Engine/Content/EngineMaterials/MiniFont.uexp" 112
"../../../Engine/Content/EngineMaterials/WeightMapPlaceholderTexture.uasset" 113
"../../../Engine/Content/EngineMaterials/WeightMapPlaceholderTexture.uexp" 114
"../../../Engine/Content/EngineMaterials/DefaultWhiteGrid.ubulk" 115
"../../../Engine/Content/EngineMaterials/DefaultWhiteGrid.uasset" 116
"../../../Engine/Content/EngineMaterials/DefaultWhiteGrid.uexp" 117
"../../../Engine/Plugins/2D/Paper2D/Content/PlaceholderTextures/DummySpriteTexture.ubulk" 118
"../../../Engine/Plugins/2D/Paper2D/Content/PlaceholderTextures/DummySpriteTexture.uasset" 119
"../../../Engine/Plugins/2D/Paper2D/Content/PlaceholderTextures/DummySpriteTexture.uexp" 120
"../../../Engine/Plugins/2D/Paper2D/Content/DefaultSpriteMaterial.uasset" 121
"../../../Engine/Plugins/2D/Paper2D/Content/DefaultSpriteMaterial.uexp" 122
"../../../Engine/Plugins/2D/Paper2D/Content/OpaqueUnlitSpriteMaterial.uasset" 123
"../../../Engine/Plugins/2D/Paper2D/Content/OpaqueUnlitSpriteMaterial.uexp" 124
"../../../Engine/Plugins/2D/Paper2D/Content/MaskedUnlitSpriteMaterial.uasset" 125
"../../../Engine/Plugins/2D/Paper2D/Content/MaskedUnlitSpriteMaterial.uexp" 126
"../../../Engine/Plugins/2D/Paper2D/Content/DummySprite.uasset" 127
"../../../Engine/Plugins/2D/Paper2D/Content/DummySprite.uexp" 128
"../../../Engine/Plugins/2D/Paper2D/Content/DefaultPaperTerrainMaterial.uasset" 129
"../../../Engine/Plugins/2D/Paper2D/Content/DefaultPaperTerrainMaterial.uexp" 130
"../../../Engine/Content/Functions/Engine_MaterialFunctions02/WorldPositionOffset/CameraOffset.uasset" 131
"../../../Engine/Content/Functions/Engine_MaterialFunctions02/WorldPositionOffset/CameraOffset.uexp" 132
"../../../Engine/Plugins/Animation/ControlRig/Content/M_Manip.uasset" 133
"../../../Engine/Plugins/Animation/ControlRig/Content/M_Manip.uexp" 134
"../../../Engine/Content/Animation/DefaultRecorderBoneCompression.uasset" 135
"../../../Engine/Content/Animation/DefaultRecorderBoneCompression.uexp" 136
"../../../Engine/Content/BasicShapes/Plane.ubulk" 137
"../../../Engine/Content/BasicShapes/Plane.uasset" 138
"../../../Engine/Content/BasicShapes/Plane.uexp" 139
"../../../Engine/Content/EngineMaterials/DefaultMaterial.uasset" 140
"../../../Engine/Content/EngineMaterials/DefaultMaterial.uexp" 141
"../../../Engine/Content/BasicShapes/Cylinder.ubulk" 142
"../../../Engine/Content/BasicShapes/Cylinder.uasset" 143
"../../../Engine/Content/BasicShapes/Cylinder.uexp" 144
"../../../Engine/Content/BasicShapes/Cone.ubulk" 145
"../../../Engine/Content/BasicShapes/Cone.uasset" 146
"../../../Engine/Content/BasicShapes/Cone.uexp" 147
"../../../Engine/Content/EditorResources/S_Terrain.ubulk" 148
"../../../Engine/Content/EditorResources/S_Terrain.uasset" 149
"../../../Engine/Content/EditorResources/S_Terrain.uexp" 150
"../../../Engine/Content/EngineResources/WhiteSquareTexture.uasset" 151
"../../../Engine/Content/EngineResources/WhiteSquareTexture.uexp" 152
"../../../Engine/Content/EngineMaterials/Widget3DPassThrough.uasset" 153
"../../../Engine/Content/EngineMaterials/Widget3DPassThrough.uexp" 154
"../../../Engine/Content/EngineMaterials/Widget3DPassThrough_Translucent.uasset" 155
"../../../Engine/Content/EngineMaterials/Widget3DPassThrough_Translucent.uexp" 156
"../../../Engine/Content/EngineMaterials/Widget3DPassThrough_Translucent_OneSided.uasset" 157
"../../../Engine/Content/EngineMaterials/Widget3DPassThrough_Translucent_OneSided.uexp" 158
"../../../Engine/Content/EngineMaterials/Widget3DPassThrough_Opaque.uasset" 159
"../../../Engine/Content/EngineMaterials/Widget3DPassThrough_Opaque.uexp" 160
"../../../Engine/Content/EngineMaterials/Widget3DPassThrough_Opaque_OneSided.uasset" 161
"../../../Engine/Content/EngineMaterials/Widget3DPassThrough_Opaque_OneSided.uexp" 162
"../../../Engine/Content/EngineMaterials/Widget3DPassThrough_Masked_OneSided.uasset" 163
"../../../Engine/Content/EngineMaterials/Widget3DPassThrough_Masked_OneSided.uexp" 164
"../../../Engine/Content/EngineMaterials/Widget3DPassThrough_Masked.uasset" 165
"../../../Engine/Content/EngineMaterials/Widget3DPassThrough_Masked.uexp" 166
"../../../Engine/Content/EngineMaterials/STBlueNoise_vec2_128x128x64.uasset" 167
"../../../Engine/Content/EngineMaterials/STBlueNoise_vec2_128x128x64.uexp" 168
"../../../Engine/Content/EngineMaterials/STBlueNoise_scalar_128x128x64.uasset" 169
"../../../Engine/Content/EngineMaterials/STBlueNoise_scalar_128x128x64.uexp" 170
"E:/Ue_project/SimpleShooter/Content/ExterminalContent/Weapons/Rifle_Skeleton.uasset" 171
"E:/Ue_project/SimpleShooter/Content/ExterminalContent/Weapons/Rifle_Skeleton.uexp" 172
"E:/Ue_project/SimpleShooter/Content/ExterminalContent/Weapons/Textures/SightLens_maskA.ubulk" 173
"E:/Ue_project/SimpleShooter/Content/ExterminalContent/Weapons/Textures/SightLens_maskA.uasset" 174
"E:/Ue_project/SimpleShooter/Content/ExterminalContent/Weapons/Textures/SightLens_maskA.uexp" 175
"E:/Ue_project/SimpleShooter/Content/Environment/Textures/holo_layer_1_5.ubulk" 176
"E:/Ue_project/SimpleShooter/Content/Environment/Textures/holo_layer_1_5.uasset" 177
"E:/Ue_project/SimpleShooter/Content/Environment/Textures/holo_layer_1_5.uexp" 178
"E:/Ue_project/SimpleShooter/Content/ExterminalContent/Weapons/Textures/SightLens_maskB.ubulk" 179
"E:/Ue_project/SimpleShooter/Content/ExterminalContent/Weapons/Textures/SightLens_maskB.uasset" 180
"E:/Ue_project/SimpleShooter/Content/ExterminalContent/Weapons/Textures/SightLens_maskB.uexp" 181
"E:/Ue_project/SimpleShooter/Content/ExterminalContent/Weapons/Materials/MagGun_SightLens_Mat.uasset" 182
"E:/Ue_project/SimpleShooter/Content/ExterminalContent/Weapons/Materials/MagGun_SightLens_Mat.uexp" 183
"E:/Ue_project/SimpleShooter/Content/ExterminalContent/Weapons/Materials/MagGun_SightLens_Mat_Inst.uasset" 184
"E:/Ue_project/SimpleShooter/Content/ExterminalContent/Weapons/Materials/MagGun_SightLens_Mat_Inst.uexp" 185
"E:/Ue_project/SimpleShooter/Content/ExterminalContent/Weapons/Textures/MagGunT1_shade.ubulk" 186
"E:/Ue_project/SimpleShooter/Content/ExterminalContent/Weapons/Textures/MagGunT1_shade.uasset" 187
"E:/Ue_project/SimpleShooter/Content/ExterminalContent/Weapons/Textures/MagGunT1_shade.uexp" 188
"E:/Ue_project/SimpleShooter/Content/ExterminalContent/Weapons/Textures/MagGun_Decals.ubulk" 189
"E:/Ue_project/SimpleShooter/Content/ExterminalContent/Weapons/Textures/MagGun_Decals.uasset" 190
"E:/Ue_project/SimpleShooter/Content/ExterminalContent/Weapons/Textures/MagGun_Decals.uexp" 191
"../../../Engine/Content/Functions/MaterialLayerFunctions/MatLayerBlend_TintAllChannels.uasset" 192
"../../../Engine/Content/Functions/MaterialLayerFunctions/MatLayerBlend_TintAllChannels.uexp" 193
"../../../Engine/Content/Functions/MaterialLayerFunctions/MatLayerBlend_Standard.uasset" 194
"../../../Engine/Content/Functions/MaterialLayerFunctions/MatLayerBlend_Standard.uexp" 195
"../../../Engine/Content/Functions/MaterialLayerFunctions/MatLayerBlend_RoughnessOverride.uasset" 196
"../../../Engine/Content/Functions/MaterialLayerFunctions/MatLayerBlend_RoughnessOverride.uexp" 197
"../../../Engine/Content/Functions/MaterialLayerFunctions/MatLayerBlend_Decal.uasset" 198
"../../../Engine/Content/Functions/MaterialLayerFunctions/MatLayerBlend_Decal.uexp" 199
"E:/Ue_project/SimpleShooter/Content/ExterminalContent/Weapons/Textures/MagGun_01_N.ubulk" 200
"E:/Ue_project/SimpleShooter/Content/ExterminalContent/Weapons/Textures/MagGun_01_N.uasset" 201
"E:/Ue_project/SimpleShooter/Content/ExterminalContent/Weapons/Textures/MagGun_01_N.uexp" 202
"E:/Ue_project/SimpleShooter/Content/ExterminalContent/Weapons/MaterialLayers/ML_BoltMetal.uasset" 203
"E:/Ue_project/SimpleShooter/Content/ExterminalContent/Weapons/MaterialLayers/ML_BoltMetal.uexp" 204
"E:/Ue_project/SimpleShooter/Content/ExterminalContent/Weapons/MaterialLayers/T_Rubber.ubulk" 205
"E:/Ue_project/SimpleShooter/Content/ExterminalContent/Weapons/MaterialLayers/T_Rubber.uasset" 206
"E:/Ue_project/SimpleShooter/Content/ExterminalContent/Weapons/MaterialLayers/T_Rubber.uexp" 207
"E:/Ue_project/SimpleShooter/Content/ExterminalContent/Weapons/MaterialLayers/ML_Rubber.uasset" 208
"E:/Ue_project/SimpleShooter/Content/ExterminalContent/Weapons/MaterialLayers/ML_Rubber.uexp" 209
"E:/Ue_project/SimpleShooter/Content/ExterminalContent/Weapons/MaterialLayers/T_ExampleLayers_Metal02_N.ubulk" 210
"E:/Ue_project/SimpleShooter/Content/ExterminalContent/Weapons/MaterialLayers/T_ExampleLayers_Metal02_N.uasset" 211
"E:/Ue_project/SimpleShooter/Content/ExterminalContent/Weapons/MaterialLayers/T_ExampleLayers_Metal02_N.uexp" 212
"../../../Engine/Content/Functions/Engine_MaterialFunctions01/Texturing/FlattenNormal.uasset" 213
"../../../Engine/Content/Functions/Engine_MaterialFunctions01/Texturing/FlattenNormal.uexp" 214
"E:/Ue_project/SimpleShooter/Content/Characters/Textures/Chr_FPS_Metal_02.ubulk" 215
"E:/Ue_project/SimpleShooter/Content/Characters/Textures/Chr_FPS_Metal_02.uasset" 216
"E:/Ue_project/SimpleShooter/Content/Characters/Textures/Chr_FPS_Metal_02.uexp" 217
"E:/Ue_project/SimpleShooter/Content/ExterminalContent/Weapons/MaterialLayers/ML_Metal_Copper.uasset" 218
"E:/Ue_project/SimpleShooter/Content/ExterminalContent/Weapons/MaterialLayers/ML_Metal_Copper.uexp" 219
"E:/Ue_project/SimpleShooter/Content/ExterminalContent/Weapons/Textures/MagGunT1_section.ubulk" 220
"E:/Ue_project/SimpleShooter/Content/ExterminalContent/Weapons/Textures/MagGunT1_section.uasset" 221
"E:/Ue_project/SimpleShooter/Content/ExterminalContent/Weapons/Textures/MagGunT1_section.uexp" 222
"E:/Ue_project/SimpleShooter/Content/ExterminalContent/Weapons/MaterialLayers/T_Metal_Metal02_D.ubulk" 223
"E:/Ue_project/SimpleShooter/Content/ExterminalContent/Weapons/MaterialLayers/T_Metal_Metal02_D.uasset" 224
"E:/Ue_project/SimpleShooter/Content/ExterminalContent/Weapons/MaterialLayers/T_Metal_Metal02_D.uexp" 225
"E:/Ue_project/SimpleShooter/Content/ExterminalContent/Weapons/MaterialLayers/ML_Metal_Gray.uasset" 226
"E:/Ue_project/SimpleShooter/Content/ExterminalContent/Weapons/MaterialLayers/ML_Metal_Gray.uexp" 227
"../../../Engine/Content/Functions/Engine_MaterialFunctions02/Utility/BlendAngleCorrectedNormals.uasset" 228
"../../../Engine/Content/Functions/Engine_MaterialFunctions02/Utility/BlendAngleCorrectedNormals.uexp" 229
"../../../Engine/Content/Functions/MaterialLayerFunctions/MatLayerBlend_BakedNormal.uasset" 230
"../../../Engine/Content/Functions/MaterialLayerFunctions/MatLayerBlend_BakedNormal.uexp" 231
"E:/Ue_project/SimpleShooter/Content/ExterminalContent/Weapons/MaterialLayers/T_PaintedMetal01_N.ubulk" 232
"E:/Ue_project/SimpleShooter/Content/ExterminalContent/Weapons/MaterialLayers/T_PaintedMetal01_N.uasset" 233
"E:/Ue_project/SimpleShooter/Content/ExterminalContent/Weapons/MaterialLayers/T_PaintedMetal01_N.uexp" 234
"E:/Ue_project/SimpleShooter/Content/ExterminalContent/Weapons/MaterialLayers/T_PaintedMetal02.ubulk" 235
"E:/Ue_project/SimpleShooter/Content/ExterminalContent/Weapons/MaterialLayers/T_PaintedMetal02.uasset" 236
"E:/Ue_project/SimpleShooter/Content/ExterminalContent/Weapons/MaterialLayers/T_PaintedMetal02.uexp" 237
"E:/Ue_project/SimpleShooter/Content/ExterminalContent/Weapons/MaterialLayers/ML_Paint.uasset" 238
"E:/Ue_project/SimpleShooter/Content/ExterminalContent/Weapons/MaterialLayers/ML_Paint.uexp" 239
"E:/Ue_project/SimpleShooter/Content/ExterminalContent/Weapons/Materials/MagGun_MatA.uasset" 240
"E:/Ue_project/SimpleShooter/Content/ExterminalContent/Weapons/Materials/MagGun_MatA.uexp" 241
"E:/Ue_project/SimpleShooter/Content/ExterminalContent/Weapons/Materials/MagGun_MatA_Inst3.uasset" 242
"E:/Ue_project/SimpleShooter/Content/ExterminalContent/Weapons/Materials/MagGun_MatA_Inst3.uexp" 243
"../../../Engine/Content/Functions/MaterialLayerFunctions/MatLayerBlend_Emissive.uasset" 244
"../../../Engine/Content/Functions/MaterialLayerFunctions/MatLayerBlend_Emissive.uexp" 245
"E:/Ue_project/SimpleShooter/Content/ExterminalContent/Weapons/Textures/MagGunT2_shade.ubulk" 246
"E:/Ue_project/SimpleShooter/Content/ExterminalContent/Weapons/Textures/MagGunT2_shade.uasset" 247
"E:/Ue_project/SimpleShooter/Content/ExterminalContent/Weapons/Textures/MagGunT2_shade.uexp" 248
"E:/Ue_project/SimpleShooter/Content/ExterminalContent/Weapons/Textures/MagGunT2_section.ubulk" 249
"E:/Ue_project/SimpleShooter/Content/ExterminalContent/Weapons/Textures/MagGunT2_section.uasset" 250
"E:/Ue_project/SimpleShooter/Content/ExterminalContent/Weapons/Textures/MagGunT2_section.uexp" 251
"E:/Ue_project/SimpleShooter/Content/ExterminalContent/Weapons/Textures/MagGun_02_N.ubulk" 252
"E:/Ue_project/SimpleShooter/Content/ExterminalContent/Weapons/Textures/MagGun_02_N.uasset" 253
"E:/Ue_project/SimpleShooter/Content/ExterminalContent/Weapons/Textures/MagGun_02_N.uexp" 254
"E:/Ue_project/SimpleShooter/Content/ExterminalContent/Weapons/Textures/MagGun_Display_EM.ubulk" 255
"E:/Ue_project/SimpleShooter/Content/ExterminalContent/Weapons/Textures/MagGun_Display_EM.uasset" 256
"E:/Ue_project/SimpleShooter/Content/ExterminalContent/Weapons/Textures/MagGun_Display_EM.uexp" 257
"E:/Ue_project/SimpleShooter/Content/ExterminalContent/Weapons/Materials/MagGun_MatB.uasset" 258
"E:/Ue_project/SimpleShooter/Content/ExterminalContent/Weapons/Materials/MagGun_MatB.uexp" 259
"E:/Ue_project/SimpleShooter/Content/ExterminalContent/Weapons/Materials/MagGun_MatB_Inst2.uasset" 260
"E:/Ue_project/SimpleShooter/Content/ExterminalContent/Weapons/Materials/MagGun_MatB_Inst2.uexp" 261
"E:/Ue_project/SimpleShooter/Content/ExterminalContent/Weapons/Rifle.uasset" 262
"E:/Ue_project/SimpleShooter/Content/ExterminalContent/Weapons/Rifle.uexp" 263
"E:/Ue_project/SimpleShooter/Content/Weapon/BP_SSBaseWeapon.uasset" 264
"E:/Ue_project/SimpleShooter/Content/Weapon/BP_SSBaseWeapon.uexp" 265
"E:/Ue_project/SimpleShooter/Content/Level/Level_Test_HLOD0_Instancing.uasset" 266
"E:/Ue_project/SimpleShooter/Content/Level/Level_Test_HLOD0_Instancing.uexp" 267
"../../../Engine/Plugins/Runtime/MeshModelingToolset/Content/Materials/M_DynamicMeshComponentVtxColor.uasset" 268
"../../../Engine/Plugins/Runtime/MeshModelingToolset/Content/Materials/M_DynamicMeshComponentVtxColor.uexp" 269
"../../../Engine/Plugins/Interchange/Runtime/Content/Pipelines/DefaultTexturePipeline.uasset" 270
"../../../Engine/Plugins/Interchange/Runtime/Content/Pipelines/DefaultTexturePipeline.uexp" 271
"../../../Engine/Plugins/Interchange/Runtime/Content/Pipelines/DefaultSceneLevelPipeline.uasset" 272
"../../../Engine/Plugins/Interchange/Runtime/Content/Pipelines/DefaultSceneLevelPipeline.uexp" 273
"../../../Engine/Plugins/Interchange/Runtime/Content/Pipelines/DefaultSceneAssetsPipeline.uasset" 274
"../../../Engine/Plugins/Interchange/Runtime/Content/Pipelines/DefaultSceneAssetsPipeline.uexp" 275
"../../../Engine/Plugins/Interchange/Runtime/Content/Pipelines/DefaultMaterialPipeline.uasset" 276
"../../../Engine/Plugins/Interchange/Runtime/Content/Pipelines/DefaultMaterialPipeline.uexp" 277
"../../../Engine/Plugins/Interchange/Runtime/Content/Pipelines/DefaultAssetsPipeline.uasset" 278
"../../../Engine/Plugins/Interchange/Runtime/Content/Pipelines/DefaultAssetsPipeline.uexp" 279
"../../../Engine/Plugins/Editor/SpeedTreeImporter/Content/SpeedTree9/game_wind_noise.ubulk" 280
"../../../Engine/Plugins/Editor/SpeedTreeImporter/Content/SpeedTree9/game_wind_noise.uasset" 281
"../../../Engine/Plugins/Editor/SpeedTreeImporter/Content/SpeedTree9/game_wind_noise.uexp" 282
"../../../Engine/Plugins/Editor/SpeedTreeImporter/Content/SpeedTree9/UnpackDirection.uasset" 283
"../../../Engine/Plugins/Editor/SpeedTreeImporter/Content/SpeedTree9/UnpackDirection.uexp" 284
"../../../Engine/Content/Functions/Engine_MaterialFunctions02/ObjectLocalBounds.uasset" 285
"../../../Engine/Content/Functions/Engine_MaterialFunctions02/ObjectLocalBounds.uexp" 286
"../../../Engine/Content/Functions/Engine_MaterialFunctions02/Utility/BreakOutFloat3Components.uasset" 287
"../../../Engine/Content/Functions/Engine_MaterialFunctions02/Utility/BreakOutFloat3Components.uexp" 288
"../../../Engine/Content/Functions/Engine_MaterialFunctions02/UVs/BoundingBoxBased_0-1_UVW.uasset" 289
"../../../Engine/Content/Functions/Engine_MaterialFunctions02/UVs/BoundingBoxBased_0-1_UVW.uexp" 290
"../../../Engine/Content/Functions/Engine_MaterialFunctions02/Utility/VectorLength.uasset" 291
"../../../Engine/Content/Functions/Engine_MaterialFunctions02/Utility/VectorLength.uexp" 292
"../../../Engine/Plugins/Editor/SpeedTreeImporter/Content/SpeedTree9/UnpackInteger3.uasset" 293
"../../../Engine/Plugins/Editor/SpeedTreeImporter/Content/SpeedTree9/UnpackInteger3.uexp" 294
"../../../Engine/Plugins/Editor/SpeedTreeImporter/Content/SpeedTree9/SpeedTreeCameraFacing.uasset" 295
"../../../Engine/Plugins/Editor/SpeedTreeImporter/Content/SpeedTree9/SpeedTreeCameraFacing.uexp" 296
"../../../Engine/Content/Functions/Engine_MaterialFunctions02/WorldPositionOffset/ObjectScale.uasset" 297
"../../../Engine/Content/Functions/Engine_MaterialFunctions02/WorldPositionOffset/ObjectScale.uexp" 298
"../../../Engine/Content/Functions/Engine_MaterialFunctions02/SafeNormalize.uasset" 299
"../../../Engine/Content/Functions/Engine_MaterialFunctions02/SafeNormalize.uexp" 300
"../../../Engine/Plugins/Editor/SpeedTreeImporter/Content/SpeedTree9/SpeedTreeWindMotion.uasset" 301
"../../../Engine/Plugins/Editor/SpeedTreeImporter/Content/SpeedTree9/SpeedTreeWindMotion.uexp" 302
"../../../Engine/Plugins/Editor/SpeedTreeImporter/Content/SpeedTree9/SpeedTreeBranchMotion.uasset" 303
"../../../Engine/Plugins/Editor/SpeedTreeImporter/Content/SpeedTree9/SpeedTreeBranchMotion.uexp" 304
"../../../Engine/Plugins/Editor/SpeedTreeImporter/Content/SpeedTree9/SpeedTreeWind.uasset" 305
"../../../Engine/Plugins/Editor/SpeedTreeImporter/Content/SpeedTree9/SpeedTreeWind.uexp" 306
"../../../Engine/Plugins/Editor/SpeedTreeImporter/Content/SpeedTree9/EmptyNormal.uasset" 307
"../../../Engine/Plugins/Editor/SpeedTreeImporter/Content/SpeedTree9/EmptyNormal.uexp" 308
"../../../Engine/Plugins/Editor/SpeedTreeImporter/Content/SpeedTree9/Empty.uasset" 309
"../../../Engine/Plugins/Editor/SpeedTreeImporter/Content/SpeedTree9/Empty.uexp" 310
"../../../Engine/Plugins/Editor/SpeedTreeImporter/Content/SpeedTree9/SpeedTreeMaster.uasset" 311
"../../../Engine/Plugins/Editor/SpeedTreeImporter/Content/SpeedTree9/SpeedTreeMaster.uexp" 312
"../../../Engine/Plugins/Editor/SpeedTreeImporter/Content/SpeedTree9/SpeedTreeBillboard.uasset" 313
"../../../Engine/Plugins/Editor/SpeedTreeImporter/Content/SpeedTree9/SpeedTreeBillboard.uexp" 314
"../../../Engine/Plugins/Editor/SpeedTreeImporter/Content/SpeedTree9/SpeedTreeBillboardMaster.uasset" 315
"../../../Engine/Plugins/Editor/SpeedTreeImporter/Content/SpeedTree9/SpeedTreeBillboardMaster.uexp" 316
"../../../Engine/Plugins/Animation/ControlRig/Content/Controls/DefaultGizmoLibraryNormalized.uasset" 317
"../../../Engine/Plugins/Animation/ControlRig/Content/Controls/DefaultGizmoLibraryNormalized.uexp" 318
"../../../Engine/Plugins/Animation/ControlRig/Content/Controls/ControlRig_Wedge_solid.ubulk" 319
"../../../Engine/Plugins/Animation/ControlRig/Content/Controls/ControlRig_Wedge_solid.uasset" 320
"../../../Engine/Plugins/Animation/ControlRig/Content/Controls/ControlRig_Wedge_solid.uexp" 321
"../../../Engine/Plugins/Animation/ControlRig/Content/Controls/ControlRig_Wedge_3mm.ubulk" 322
"../../../Engine/Plugins/Animation/ControlRig/Content/Controls/ControlRig_Wedge_3mm.uasset" 323
"../../../Engine/Plugins/Animation/ControlRig/Content/Controls/ControlRig_Wedge_3mm.uexp" 324
"../../../Engine/Plugins/Animation/ControlRig/Content/Controls/ControlRig_Wedge_1mm.ubulk" 325
"../../../Engine/Plugins/Animation/ControlRig/Content/Controls/ControlRig_Wedge_1mm.uasset" 326
"../../../Engine/Plugins/Animation/ControlRig/Content/Controls/ControlRig_Wedge_1mm.uexp" 327
"../../../Engine/Plugins/Animation/ControlRig/Content/Controls/ControlRig_Triangle_solid.ubulk" 328
"../../../Engine/Plugins/Animation/ControlRig/Content/Controls/ControlRig_Triangle_solid.uasset" 329
"../../../Engine/Plugins/Animation/ControlRig/Content/Controls/ControlRig_Triangle_solid.uexp" 330
"../../../Engine/Plugins/Animation/ControlRig/Content/Controls/ControlRig_Triangle_3mm.ubulk" 331
"../../../Engine/Plugins/Animation/ControlRig/Content/Controls/ControlRig_Triangle_3mm.uasset" 332
"../../../Engine/Plugins/Animation/ControlRig/Content/Controls/ControlRig_Triangle_3mm.uexp" 333
"../../../Engine/Plugins/Animation/ControlRig/Content/Controls/ControlRig_Triangle_1mm.ubulk" 334
"../../../Engine/Plugins/Animation/ControlRig/Content/Controls/ControlRig_Triangle_1mm.uasset" 335
"../../../Engine/Plugins/Animation/ControlRig/Content/Controls/ControlRig_Triangle_1mm.uexp" 336
"../../../Engine/Plugins/Animation/ControlRig/Content/Controls/ControlRig_Star4_solid.ubulk" 337
"../../../Engine/Plugins/Animation/ControlRig/Content/Controls/ControlRig_Star4_solid.uasset" 338
"../../../Engine/Plugins/Animation/ControlRig/Content/Controls/ControlRig_Star4_solid.uexp" 339
"../../../Engine/Plugins/Animation/ControlRig/Content/Controls/ControlRig_Star4_3mm.ubulk" 340
"../../../Engine/Plugins/Animation/ControlRig/Content/Controls/ControlRig_Star4_3mm.uasset" 341
"../../../Engine/Plugins/Animation/ControlRig/Content/Controls/ControlRig_Star4_3mm.uexp" 342
"../../../Engine/Plugins/Animation/ControlRig/Content/Controls/ControlRig_Star4_1mm.ubulk" 343
"../../../Engine/Plugins/Animation/ControlRig/Content/Controls/ControlRig_Star4_1mm.uasset" 344
"../../../Engine/Plugins/Animation/ControlRig/Content/Controls/ControlRig_Star4_1mm.uexp" 345
"../../../Engine/Plugins/Animation/ControlRig/Content/Controls/ControlRig_Square_solid.ubulk" 346
"../../../Engine/Plugins/Animation/ControlRig/Content/Controls/ControlRig_Square_solid.uasset" 347
"../../../Engine/Plugins/Animation/ControlRig/Content/Controls/ControlRig_Square_solid.uexp" 348
"../../../Engine/Plugins/Animation/ControlRig/Content/Controls/ControlRig_Square_3mm.ubulk" 349
"../../../Engine/Plugins/Animation/ControlRig/Content/Controls/ControlRig_Square_3mm.uasset" 350
"../../../Engine/Plugins/Animation/ControlRig/Content/Controls/ControlRig_Square_3mm.uexp" 351
"../../../Engine/Plugins/Animation/ControlRig/Content/Controls/ControlRig_Square_1mm.ubulk" 352
"../../../Engine/Plugins/Animation/ControlRig/Content/Controls/ControlRig_Square_1mm.uasset" 353
"../../../Engine/Plugins/Animation/ControlRig/Content/Controls/ControlRig_Square_1mm.uexp" 354
"../../../Engine/Plugins/Animation/ControlRig/Content/Controls/ControlRig_Sphere_solid.ubulk" 355
"../../../Engine/Plugins/Animation/ControlRig/Content/Controls/ControlRig_Sphere_solid.uasset" 356
"../../../Engine/Plugins/Animation/ControlRig/Content/Controls/ControlRig_Sphere_solid.uexp" 357
"../../../Engine/Plugins/Animation/ControlRig/Content/Controls/ControlRig_Sphere_3mm.ubulk" 358
"../../../Engine/Plugins/Animation/ControlRig/Content/Controls/ControlRig_Sphere_3mm.uasset" 359
"../../../Engine/Plugins/Animation/ControlRig/Content/Controls/ControlRig_Sphere_3mm.uexp" 360
"../../../Engine/Plugins/Animation/ControlRig/Content/Controls/ControlRig_Sphere_1mm.ubulk" 361
"../../../Engine/Plugins/Animation/ControlRig/Content/Controls/ControlRig_Sphere_1mm.uasset" 362
"../../../Engine/Plugins/Animation/ControlRig/Content/Controls/ControlRig_Sphere_1mm.uexp" 363
"../../../Engine/Plugins/Animation/ControlRig/Content/Controls/ControlRig_RoundedTriangle_solid.ubulk" 364
"../../../Engine/Plugins/Animation/ControlRig/Content/Controls/ControlRig_RoundedTriangle_solid.uasset" 365
"../../../Engine/Plugins/Animation/ControlRig/Content/Controls/ControlRig_RoundedTriangle_solid.uexp" 366
"../../../Engine/Plugins/Animation/ControlRig/Content/Controls/ControlRig_RoundedTriangle_3mm.ubulk" 367
"../../../Engine/Plugins/Animation/ControlRig/Content/Controls/ControlRig_RoundedTriangle_3mm.uasset" 368
"../../../Engine/Plugins/Animation/ControlRig/Content/Controls/ControlRig_RoundedTriangle_3mm.uexp" 369
"../../../Engine/Plugins/Animation/ControlRig/Content/Controls/ControlRig_RoundedTriangle_1mm.ubulk" 370
"../../../Engine/Plugins/Animation/ControlRig/Content/Controls/ControlRig_RoundedTriangle_1mm.uasset" 371
"../../../Engine/Plugins/Animation/ControlRig/Content/Controls/ControlRig_RoundedTriangle_1mm.uexp" 372
"../../../Engine/Plugins/Animation/ControlRig/Content/Controls/ControlRig_RoundedSquare_solid.ubulk" 373
"../../../Engine/Plugins/Animation/ControlRig/Content/Controls/ControlRig_RoundedSquare_solid.uasset" 374
"../../../Engine/Plugins/Animation/ControlRig/Content/Controls/ControlRig_RoundedSquare_solid.uexp" 375
"../../../Engine/Plugins/Animation/ControlRig/Content/Controls/ControlRig_RoundedSquare_3mm.ubulk" 376
"../../../Engine/Plugins/Animation/ControlRig/Content/Controls/ControlRig_RoundedSquare_3mm.uasset" 377
"../../../Engine/Plugins/Animation/ControlRig/Content/Controls/ControlRig_RoundedSquare_3mm.uexp" 378
"../../../Engine/Plugins/Animation/ControlRig/Content/Controls/ControlRig_RoundedSquare_1mm.ubulk" 379
"../../../Engine/Plugins/Animation/ControlRig/Content/Controls/ControlRig_RoundedSquare_1mm.uasset" 380
"../../../Engine/Plugins/Animation/ControlRig/Content/Controls/ControlRig_RoundedSquare_1mm.uexp" 381
"../../../Engine/Plugins/Animation/ControlRig/Content/Controls/ControlRig_QuarterCircle_solid.ubulk" 382
"../../../Engine/Plugins/Animation/ControlRig/Content/Controls/ControlRig_QuarterCircle_solid.uasset" 383
"../../../Engine/Plugins/Animation/ControlRig/Content/Controls/ControlRig_QuarterCircle_solid.uexp" 384
"../../../Engine/Plugins/Animation/ControlRig/Content/Controls/ControlRig_QuarterCircle_3mm.ubulk" 385
"../../../Engine/Plugins/Animation/ControlRig/Content/Controls/ControlRig_QuarterCircle_3mm.uasset" 386
"../../../Engine/Plugins/Animation/ControlRig/Content/Controls/ControlRig_QuarterCircle_3mm.uexp" 387
"../../../Engine/Plugins/Animation/ControlRig/Content/Controls/ControlRig_QuarterCircle_1mm.ubulk" 388
"../../../Engine/Plugins/Animation/ControlRig/Content/Controls/ControlRig_QuarterCircle_1mm.uasset" 389
"../../../Engine/Plugins/Animation/ControlRig/Content/Controls/ControlRig_QuarterCircle_1mm.uexp" 390
"../../../Engine/Plugins/Animation/ControlRig/Content/Controls/ControlRig_Pyramid_solid.ubulk" 391
"../../../Engine/Plugins/Animation/ControlRig/Content/Controls/ControlRig_Pyramid_solid.uasset" 392
"../../../Engine/Plugins/Animation/ControlRig/Content/Controls/ControlRig_Pyramid_solid.uexp" 393
"../../../Engine/Plugins/Animation/ControlRig/Content/Controls/ControlRig_Pyramid_3mm.ubulk" 394
"../../../Engine/Plugins/Animation/ControlRig/Content/Controls/ControlRig_Pyramid_3mm.uasset" 395
"../../../Engine/Plugins/Animation/ControlRig/Content/Controls/ControlRig_Pyramid_3mm.uexp" 396
"../../../Engine/Plugins/Animation/ControlRig/Content/Controls/ControlRig_Pyramid_1mm.ubulk" 397
"../../../Engine/Plugins/Animation/ControlRig/Content/Controls/ControlRig_Pyramid_1mm.uasset" 398
"../../../Engine/Plugins/Animation/ControlRig/Content/Controls/ControlRig_Pyramid_1mm.uexp" 399
"../../../Engine/Plugins/Animation/ControlRig/Content/Controls/ControlRig_Octagon_solid.ubulk" 400
"../../../Engine/Plugins/Animation/ControlRig/Content/Controls/ControlRig_Octagon_solid.uasset" 401
"../../../Engine/Plugins/Animation/ControlRig/Content/Controls/ControlRig_Octagon_solid.uexp" 402
"../../../Engine/Plugins/Animation/ControlRig/Content/Controls/ControlRig_Octagon_3mm.ubulk" 403
"../../../Engine/Plugins/Animation/ControlRig/Content/Controls/ControlRig_Octagon_3mm.uasset" 404
"../../../Engine/Plugins/Animation/ControlRig/Content/Controls/ControlRig_Octagon_3mm.uexp" 405
"../../../Engine/Plugins/Animation/ControlRig/Content/Controls/ControlRig_Octagon_1mm.ubulk" 406
"../../../Engine/Plugins/Animation/ControlRig/Content/Controls/ControlRig_Octagon_1mm.uasset" 407
"../../../Engine/Plugins/Animation/ControlRig/Content/Controls/ControlRig_Octagon_1mm.uexp" 408
"../../../Engine/Plugins/Animation/ControlRig/Content/Controls/ControlRig_Hexagon_solid.ubulk" 409
"../../../Engine/Plugins/Animation/ControlRig/Content/Controls/ControlRig_Hexagon_solid.uasset" 410
"../../../Engine/Plugins/Animation/ControlRig/Content/Controls/ControlRig_Hexagon_solid.uexp" 411
"../../../Engine/Plugins/Animation/ControlRig/Content/Controls/ControlRig_Hexagon_3mm.ubulk" 412
"../../../Engine/Plugins/Animation/ControlRig/Content/Controls/ControlRig_Hexagon_3mm.uasset" 413
"../../../Engine/Plugins/Animation/ControlRig/Content/Controls/ControlRig_Hexagon_3mm.uexp" 414
"../../../Engine/Plugins/Animation/ControlRig/Content/Controls/ControlRig_Hexagon_1mm.ubulk" 415
"../../../Engine/Plugins/Animation/ControlRig/Content/Controls/ControlRig_Hexagon_1mm.uasset" 416
"../../../Engine/Plugins/Animation/ControlRig/Content/Controls/ControlRig_Hexagon_1mm.uexp" 417
"../../../Engine/Plugins/Animation/ControlRig/Content/Controls/ControlRig_HalfCircle_solid.ubulk" 418
"../../../Engine/Plugins/Animation/ControlRig/Content/Controls/ControlRig_HalfCircle_solid.uasset" 419
"../../../Engine/Plugins/Animation/ControlRig/Content/Controls/ControlRig_HalfCircle_solid.uexp" 420
"../../../Engine/Plugins/Animation/ControlRig/Content/Controls/ControlRig_HalfCircle_3mm.ubulk" 421
"../../../Engine/Plugins/Animation/ControlRig/Content/Controls/ControlRig_HalfCircle_3mm.uasset" 422
"../../../Engine/Plugins/Animation/ControlRig/Content/Controls/ControlRig_HalfCircle_3mm.uexp" 423
"../../../Engine/Plugins/Animation/ControlRig/Content/Controls/ControlRig_HalfCircle_1mm.ubulk" 424
"../../../Engine/Plugins/Animation/ControlRig/Content/Controls/ControlRig_HalfCircle_1mm.uasset" 425
"../../../Engine/Plugins/Animation/ControlRig/Content/Controls/ControlRig_HalfCircle_1mm.uexp" 426
"../../../Engine/Plugins/Animation/ControlRig/Content/Controls/ControlRig_Diamond_solid.ubulk" 427
"../../../Engine/Plugins/Animation/ControlRig/Content/Controls/ControlRig_Diamond_solid.uasset" 428
"../../../Engine/Plugins/Animation/ControlRig/Content/Controls/ControlRig_Diamond_solid.uexp" 429
"../../../Engine/Plugins/Animation/ControlRig/Content/Controls/ControlRig_Diamond_3mm.ubulk" 430
"../../../Engine/Plugins/Animation/ControlRig/Content/Controls/ControlRig_Diamond_3mm.uasset" 431
"../../../Engine/Plugins/Animation/ControlRig/Content/Controls/ControlRig_Diamond_3mm.uexp" 432
"../../../Engine/Plugins/Animation/ControlRig/Content/Controls/ControlRig_Diamond_1mm.ubulk" 433
"../../../Engine/Plugins/Animation/ControlRig/Content/Controls/ControlRig_Diamond_1mm.uasset" 434
"../../../Engine/Plugins/Animation/ControlRig/Content/Controls/ControlRig_Diamond_1mm.uexp" 435
"../../../Engine/Plugins/Animation/ControlRig/Content/Controls/ControlRig_Circle_solid.ubulk" 436
"../../../Engine/Plugins/Animation/ControlRig/Content/Controls/ControlRig_Circle_solid.uasset" 437
"../../../Engine/Plugins/Animation/ControlRig/Content/Controls/ControlRig_Circle_solid.uexp" 438
"../../../Engine/Plugins/Animation/ControlRig/Content/Controls/ControlRig_Circle_3mm.ubulk" 439
"../../../Engine/Plugins/Animation/ControlRig/Content/Controls/ControlRig_Circle_3mm.uasset" 440
"../../../Engine/Plugins/Animation/ControlRig/Content/Controls/ControlRig_Circle_3mm.uexp" 441
"../../../Engine/Plugins/Animation/ControlRig/Content/Controls/ControlRig_Circle_1mm.ubulk" 442
"../../../Engine/Plugins/Animation/ControlRig/Content/Controls/ControlRig_Circle_1mm.uasset" 443
"../../../Engine/Plugins/Animation/ControlRig/Content/Controls/ControlRig_Circle_1mm.uexp" 444
"../../../Engine/Plugins/Animation/ControlRig/Content/Controls/ControlRig_Box_solid.ubulk" 445
"../../../Engine/Plugins/Animation/ControlRig/Content/Controls/ControlRig_Box_solid.uasset" 446
"../../../Engine/Plugins/Animation/ControlRig/Content/Controls/ControlRig_Box_solid.uexp" 447
"../../../Engine/Plugins/Animation/ControlRig/Content/Controls/ControlRig_Box_3mm.ubulk" 448
"../../../Engine/Plugins/Animation/ControlRig/Content/Controls/ControlRig_Box_3mm.uasset" 449
"../../../Engine/Plugins/Animation/ControlRig/Content/Controls/ControlRig_Box_3mm.uexp" 450
"../../../Engine/Plugins/Animation/ControlRig/Content/Controls/ControlRig_Box_1mm.ubulk" 451
"../../../Engine/Plugins/Animation/ControlRig/Content/Controls/ControlRig_Box_1mm.uasset" 452
"../../../Engine/Plugins/Animation/ControlRig/Content/Controls/ControlRig_Box_1mm.uexp" 453
"../../../Engine/Plugins/Animation/ControlRig/Content/Controls/ControlRig_Arrow_solid.ubulk" 454
"../../../Engine/Plugins/Animation/ControlRig/Content/Controls/ControlRig_Arrow_solid.uasset" 455
"../../../Engine/Plugins/Animation/ControlRig/Content/Controls/ControlRig_Arrow_solid.uexp" 456
"../../../Engine/Plugins/Animation/ControlRig/Content/Controls/ControlRig_Arrow_3mm.ubulk" 457
"../../../Engine/Plugins/Animation/ControlRig/Content/Controls/ControlRig_Arrow_3mm.uasset" 458
"../../../Engine/Plugins/Animation/ControlRig/Content/Controls/ControlRig_Arrow_3mm.uexp" 459
"../../../Engine/Plugins/Animation/ControlRig/Content/Controls/ControlRig_Arrow_1mm.ubulk" 460
"../../../Engine/Plugins/Animation/ControlRig/Content/Controls/ControlRig_Arrow_1mm.uasset" 461
"../../../Engine/Plugins/Animation/ControlRig/Content/Controls/ControlRig_Arrow_1mm.uexp" 462
"../../../Engine/Plugins/Animation/ControlRig/Content/Controls/ControlRig_Arrow4_solid.ubulk" 463
"../../../Engine/Plugins/Animation/ControlRig/Content/Controls/ControlRig_Arrow4_solid.uasset" 464
"../../../Engine/Plugins/Animation/ControlRig/Content/Controls/ControlRig_Arrow4_solid.uexp" 465
"../../../Engine/Plugins/Animation/ControlRig/Content/Controls/ControlRig_Arrow4_3mm.ubulk" 466
"../../../Engine/Plugins/Animation/ControlRig/Content/Controls/ControlRig_Arrow4_3mm.uasset" 467
"../../../Engine/Plugins/Animation/ControlRig/Content/Controls/ControlRig_Arrow4_3mm.uexp" 468
"../../../Engine/Plugins/Animation/ControlRig/Content/Controls/ControlRig_Arrow4_1mm.ubulk" 469
"../../../Engine/Plugins/Animation/ControlRig/Content/Controls/ControlRig_Arrow4_1mm.uasset" 470
"../../../Engine/Plugins/Animation/ControlRig/Content/Controls/ControlRig_Arrow4_1mm.uexp" 471
"../../../Engine/Plugins/Animation/ControlRig/Content/Controls/ControlRig_Arrow2_solid.ubulk" 472
"../../../Engine/Plugins/Animation/ControlRig/Content/Controls/ControlRig_Arrow2_solid.uasset" 473
"../../../Engine/Plugins/Animation/ControlRig/Content/Controls/ControlRig_Arrow2_solid.uexp" 474
"../../../Engine/Plugins/Animation/ControlRig/Content/Controls/ControlRig_Arrow2_3mm.ubulk" 475
"../../../Engine/Plugins/Animation/ControlRig/Content/Controls/ControlRig_Arrow2_3mm.uasset" 476
"../../../Engine/Plugins/Animation/ControlRig/Content/Controls/ControlRig_Arrow2_3mm.uexp" 477
"../../../Engine/Plugins/Animation/ControlRig/Content/Controls/ControlRig_Arrow2_1mm.ubulk" 478
"../../../Engine/Plugins/Animation/ControlRig/Content/Controls/ControlRig_Arrow2_1mm.uasset" 479
"../../../Engine/Plugins/Animation/ControlRig/Content/Controls/ControlRig_Arrow2_1mm.uexp" 480
"../../../Engine/Plugins/Animation/ControlRig/Content/Controls/ControlRigXRayMaterial.uasset" 481
"../../../Engine/Plugins/Animation/ControlRig/Content/Controls/ControlRigXRayMaterial.uexp" 482
"../../../Engine/Plugins/Animation/ControlRig/Content/Controls/ControlRigGizmoMaterial.uasset" 483
"../../../Engine/Plugins/Animation/ControlRig/Content/Controls/ControlRigGizmoMaterial.uexp" 484
"../../../Engine/Content/EngineSounds/Master.uasset" 485
"../../../Engine/Content/EngineSounds/Master.uexp" 486
"../../../Engine/Content/EngineMaterials/RemoveSurfaceMaterial.uasset" 487
"../../../Engine/Content/EngineMaterials/RemoveSurfaceMaterial.uexp" 488
"../../../Engine/Content/EngineMaterials/DefaultCalibrationGrayscale.uasset" 489
"../../../Engine/Content/EngineMaterials/DefaultCalibrationGrayscale.uexp" 490
"../../../Engine/Content/EngineMaterials/PPM_DefaultCalibrationGrayscale.uasset" 491
"../../../Engine/Content/EngineMaterials/PPM_DefaultCalibrationGrayscale.uexp" 492
"../../../Engine/Content/EngineMaterials/DefaultCalibrationColor.uasset" 493
"../../../Engine/Content/EngineMaterials/DefaultCalibrationColor.uexp" 494
"../../../Engine/Content/EngineMaterials/PPM_DefaultCalibrationColor.uasset" 495
"../../../Engine/Content/EngineMaterials/PPM_DefaultCalibrationColor.uexp" 496
"../../../Engine/Content/EngineMaterials/PhAT_JointLimitMaterial.uasset" 497
"../../../Engine/Content/EngineMaterials/PhAT_JointLimitMaterial.uexp" 498
"../../../Engine/Content/EngineMaterials/NaniteHiddenSectionMaterial.uasset" 499
"../../../Engine/Content/EngineMaterials/NaniteHiddenSectionMaterial.uexp" 500
"../../../Engine/Content/EngineMaterials/InvalidLightmapSettings.ubulk" 501
"../../../Engine/Content/EngineMaterials/InvalidLightmapSettings.uasset" 502
"../../../Engine/Content/EngineMaterials/InvalidLightmapSettings.uexp" 503
"../../../Engine/Content/EngineMaterials/M_InvalidLightmapSettings.uasset" 504
"../../../Engine/Content/EngineMaterials/M_InvalidLightmapSettings.uexp" 505
"../../../Engine/Content/EngineMaterials/GizmoMaterial.uasset" 506
"../../../Engine/Content/EngineMaterials/GizmoMaterial.uexp" 507
"../../../Engine/Content/EngineMaterials/BaseFlattenEmissiveMap_VT.uasset" 508
"../../../Engine/Content/EngineMaterials/BaseFlattenEmissiveMap_VT.uexp" 509
"../../../Engine/Content/EngineMaterials/BaseFlattenGrayscaleMap_VT.uasset" 510
"../../../Engine/Content/EngineMaterials/BaseFlattenGrayscaleMap_VT.uexp" 511
"../../../Engine/Content/EngineMaterials/BaseFlattenLinearColor_VT.uasset" 512
"../../../Engine/Content/EngineMaterials/BaseFlattenLinearColor_VT.uexp" 513
"../../../Engine/Content/EngineMaterials/Black_1x1_EXR_Texture_VT.uasset" 514
"../../../Engine/Content/EngineMaterials/Black_1x1_EXR_Texture_VT.uexp" 515
"../../../Engine/Content/EngineMaterials/BaseFlattenDiffuseMap_VT.uasset" 516
"../../../Engine/Content/EngineMaterials/BaseFlattenDiffuseMap_VT.uexp" 517
"../../../Engine/Content/EngineMaterials/BaseFlattenNormalMap_VT.uasset" 518
"../../../Engine/Content/EngineMaterials/BaseFlattenNormalMap_VT.uexp" 519
"../../../Engine/Content/EngineMaterials/FlattenMaterial_WS_Normal_VT.uasset" 520
"../../../Engine/Content/EngineMaterials/FlattenMaterial_WS_Normal_VT.uexp" 521
"../../../Engine/Content/EngineMaterials/FlattenMaterial_VT.uasset" 522
"../../../Engine/Content/EngineMaterials/FlattenMaterial_VT.uexp" 523
"../../../Engine/Content/EngineMaterials/BaseFlattenNormalMap.uasset" 524
"../../../Engine/Content/EngineMaterials/BaseFlattenNormalMap.uexp" 525
"../../../Engine/Content/EngineMaterials/BaseFlattenGrayscaleMap.uasset" 526
"../../../Engine/Content/EngineMaterials/BaseFlattenGrayscaleMap.uexp" 527
"../../../Engine/Content/EngineMaterials/BaseFlattenDiffuseMap.uasset" 528
"../../../Engine/Content/EngineMaterials/BaseFlattenDiffuseMap.uexp" 529
"../../../Engine/Content/Functions/Engine_MaterialFunctions02/PivotPainter2/Black_1x1_EXR_Texture.uasset" 530
"../../../Engine/Content/Functions/Engine_MaterialFunctions02/PivotPainter2/Black_1x1_EXR_Texture.uexp" 531
"../../../Engine/Content/EngineMaterials/BaseFlattenEmissiveMap.uasset" 532
"../../../Engine/Content/EngineMaterials/BaseFlattenEmissiveMap.uexp" 533
"../../../Engine/Content/EngineMaterials/BaseFlattenLinearColor.uasset" 534
"../../../Engine/Content/EngineMaterials/BaseFlattenLinearColor.uexp" 535
"../../../Engine/Content/EngineMaterials/FlattenMaterial.uasset" 536
"../../../Engine/Content/EngineMaterials/FlattenMaterial.uexp" 537
"../../../Engine/Content/EngineMaterials/DefaultWhiteGrid_Low.uasset" 538
"../../../Engine/Content/EngineMaterials/DefaultWhiteGrid_Low.uexp" 539
"../../../Engine/Content/EngineMaterials/EmissiveMeshMaterial.uasset" 540
"../../../Engine/Content/EngineMaterials/EmissiveMeshMaterial.uexp" 541
"../../../Engine/Content/EngineFonts/RobotoDistanceField.uasset" 542
"../../../Engine/Content/EngineFonts/RobotoDistanceField.uexp" 543
"../../../Engine/Content/EngineMaterials/DefaultTextMaterialOpaque.uasset" 544
"../../../Engine/Content/EngineMaterials/DefaultTextMaterialOpaque.uexp" 545
"../../../Engine/Content/EngineMaterials/DefaultDiffuse.ubulk" 546
"../../../Engine/Content/EngineMaterials/DefaultDiffuse.uasset" 547
"../../../Engine/Content/EngineMaterials/DefaultDiffuse.uexp" 548
"../../../Engine/Content/Functions/Engine_MaterialFunctions02/Utility/BreakOutFloat2Components.uasset" 549
"../../../Engine/Content/Functions/Engine_MaterialFunctions02/Utility/BreakOutFloat2Components.uexp" 550
"../../../Engine/Content/EngineMaterials/DefaultPostProcessMaterial.uasset" 551
"../../../Engine/Content/EngineMaterials/DefaultPostProcessMaterial.uexp" 552
"../../../Engine/Content/EngineMaterials/DefaultPhysicalMaterial.uasset" 553
"../../../Engine/Content/EngineMaterials/DefaultPhysicalMaterial.uexp" 554
"../../../Engine/Content/EngineMaterials/DefaultLightFunctionMaterial.uasset" 555
"../../../Engine/Content/EngineMaterials/DefaultLightFunctionMaterial.uexp" 556
"../../../Engine/Content/EngineMaterials/DefaultDestructiblePhysicalMaterial.uasset" 557
"../../../Engine/Content/EngineMaterials/DefaultDestructiblePhysicalMaterial.uexp" 558
"../../../Engine/Content/EngineMaterials/DefaultDeferredDecalMaterial.uasset" 559
"../../../Engine/Content/EngineMaterials/DefaultDeferredDecalMaterial.uexp" 560
"../../../Engine/Content/EngineMaterials/DefaultBloomKernel.uasset" 561
"../../../Engine/Content/EngineMaterials/DefaultBloomKernel.uexp" 562
"../../../Engine/Content/EngineFonts/Faces/RobotoLight.uexp" 563
"../../../Engine/Content/EngineFonts/Faces/RobotoLight.uasset" 564
"../../../Engine/Content/EngineFonts/Faces/RobotoLight.ufont" 565
"../../../Engine/Content/EngineFonts/Faces/RobotoBold.uexp" 566
"../../../Engine/Content/EngineFonts/Faces/RobotoBold.uasset" 567
"../../../Engine/Content/EngineFonts/Faces/RobotoBold.ufont" 568
"../../../Engine/Content/EngineFonts/Faces/RobotoRegular.uexp" 569
"../../../Engine/Content/EngineFonts/Faces/RobotoRegular.uasset" 570
"../../../Engine/Content/EngineFonts/Faces/RobotoRegular.ufont" 571
"../../../Engine/Content/EngineFonts/Faces/DroidSansFallback.uexp" 572
"../../../Engine/Content/EngineFonts/Faces/DroidSansFallback.uasset" 573
"../../../Engine/Content/EngineFonts/Faces/DroidSansFallback.ufont" 574
"../../../Engine/Content/EngineFonts/Faces/RobotoItalic.uexp" 575
"../../../Engine/Content/EngineFonts/Faces/RobotoItalic.uasset" 576
"../../../Engine/Content/EngineFonts/Faces/RobotoItalic.ufont" 577
"../../../Engine/Content/EngineFonts/Faces/RobotoBoldItalic.uexp" 578
"../../../Engine/Content/EngineFonts/Faces/RobotoBoldItalic.uasset" 579
"../../../Engine/Content/EngineFonts/Faces/RobotoBoldItalic.ufont" 580
"../../../Engine/Content/EngineFonts/Roboto.uasset" 581
"../../../Engine/Content/EngineFonts/Roboto.uexp" 582
"../../../Engine/Content/Functions/Engine_MaterialFunctions02/Utility/CameraDirectionVector.uasset" 583
"../../../Engine/Content/Functions/Engine_MaterialFunctions02/Utility/CameraDirectionVector.uexp" 584
"../../../Engine/Content/EngineDebugMaterials/VolumeToRender.uasset" 585
"../../../Engine/Content/EngineDebugMaterials/VolumeToRender.uexp" 586
"../../../Engine/Content/EngineDebugMaterials/M_VolumeRenderSphereTracePP.uasset" 587
"../../../Engine/Content/EngineDebugMaterials/M_VolumeRenderSphereTracePP.uexp" 588
"../../../Engine/Content/EngineDebugMaterials/M_SimpleUnlitTranslucent.uasset" 589
"../../../Engine/Content/EngineDebugMaterials/M_SimpleUnlitTranslucent.uexp" 590
"../../../Engine/Content/EngineDebugMaterials/DebugMeshMaterial.uasset" 591
"../../../Engine/Content/EngineDebugMaterials/DebugMeshMaterial.uexp" 592
"../../../Engine/Content/EngineDebugMaterials/DebugEditorMaterial.uasset" 593
"../../../Engine/Content/EngineDebugMaterials/DebugEditorMaterial.uexp" 594
"../../../Engine/Content/EngineDamageTypes/DmgTypeBP_Environmental.uasset" 595
"../../../Engine/Content/EngineDamageTypes/DmgTypeBP_Environmental.uexp" 596
"../../../Engine/Content/EditorResources/EmptyActor.uasset" 597
"../../../Engine/Content/EditorResources/EmptyActor.uexp" 598
"../../../Engine/Content/EditorResources/BSPVertex.uasset" 599
"../../../Engine/Content/EditorResources/BSPVertex.uexp" 600
"../../../Engine/Content/EditorMaterials/PreviewShadowIndicator.ubulk" 601
"../../../Engine/Content/EditorMaterials/PreviewShadowIndicator.uasset" 602
"../../../Engine/Content/EditorMaterials/PreviewShadowIndicator.uexp" 603
"../../../Engine/Content/EditorMaterials/PreviewShadowIndicatorMaterial.uasset" 604
"../../../Engine/Content/EditorMaterials/PreviewShadowIndicatorMaterial.uexp" 605
"../../../Engine/Content/EditorMaterials/PhAT_UnselectedMaterial.uasset" 606
"../../../Engine/Content/EditorMaterials/PhAT_UnselectedMaterial.uexp" 607
"../../../Engine/Content/EditorMaterials/PhAT_NoCollisionMaterial.uasset" 608
"../../../Engine/Content/EditorMaterials/PhAT_NoCollisionMaterial.uexp" 609
"../../../Engine/Content/MobileResources/HUD/VirtualJoystick_Background.uasset" 610
"../../../Engine/Content/MobileResources/HUD/VirtualJoystick_Background.uexp" 611
"../../../Engine/Content/MobileResources/HUD/VirtualJoystick_Thumb.uasset" 612
"../../../Engine/Content/MobileResources/HUD/VirtualJoystick_Thumb.uexp" 613
"../../../Engine/Content/MobileResources/HUD/DefaultVirtualJoysticks.uasset" 614
"../../../Engine/Content/MobileResources/HUD/DefaultVirtualJoysticks.uexp" 615
"../../../Engine/Content/EngineSky/VolumetricClouds/CloudWeatherTexture.uasset" 616
"../../../Engine/Content/EngineSky/VolumetricClouds/CloudWeatherTexture.uexp" 617
"../../../Engine/Content/Functions/Engine_MaterialFunctions02/Utility/MakeFloat2.uasset" 618
"../../../Engine/Content/Functions/Engine_MaterialFunctions02/Utility/MakeFloat2.uexp" 619
"../../../Engine/Content/EngineSky/VolumetricClouds/CloudGradientTexture.uasset" 620
"../../../Engine/Content/EngineSky/VolumetricClouds/CloudGradientTexture.uexp" 621
"../../../Engine/Content/EngineSky/VolumetricClouds/T_NoiseShape64.ubulk" 622
"../../../Engine/Content/EngineSky/VolumetricClouds/T_NoiseShape64.uasset" 623
"../../../Engine/Content/EngineSky/VolumetricClouds/T_NoiseShape64.uexp" 624
"../../../Engine/Content/EngineSky/VolumetricClouds/T_VolumeNoiseShape64.uasset" 625
"../../../Engine/Content/EngineSky/VolumetricClouds/T_VolumeNoiseShape64.uexp" 626
"../../../Engine/Content/EngineSky/VolumetricClouds/T_NoiseErosion.ubulk" 627
"../../../Engine/Content/EngineSky/VolumetricClouds/T_NoiseErosion.uasset" 628
"../../../Engine/Content/EngineSky/VolumetricClouds/T_NoiseErosion.uexp" 629
"../../../Engine/Content/EngineSky/VolumetricClouds/T_VolumeNoiseErosion32.uasset" 630
"../../../Engine/Content/EngineSky/VolumetricClouds/T_VolumeNoiseErosion32.uexp" 631
"../../../Engine/Content/EngineSky/VolumetricClouds/m_SimpleVolumetricCloud.uasset" 632
"../../../Engine/Content/EngineSky/VolumetricClouds/m_SimpleVolumetricCloud.uexp" 633
"../../../Engine/Content/EngineSky/VolumetricClouds/m_SimpleVolumetricCloud_Inst.uasset" 634
"../../../Engine/Content/EngineSky/VolumetricClouds/m_SimpleVolumetricCloud_Inst.uexp" 635
"../../../Engine/Content/EngineResources/FilmGrains/Marcie_Grain_v3_128_M2_000.uasset" 636
"../../../Engine/Content/EngineResources/FilmGrains/Marcie_Grain_v3_128_M2_000.uexp" 637
"../../../Engine/Content/EditorResources/SequenceRecorder/RecordingIndicator.uasset" 638
"../../../Engine/Content/EditorResources/SequenceRecorder/RecordingIndicator.uexp" 639
"../../../Engine/Content/EditorResources/SequenceRecorder/Countdown.uasset" 640
"../../../Engine/Content/EditorResources/SequenceRecorder/Countdown.uexp" 641
"../../../Engine/Content/EditorLandscapeResources/DefaultAlphaTexture.uasset" 642
"../../../Engine/Content/EditorLandscapeResources/DefaultAlphaTexture.uexp" 643
"../../../Engine/Content/EditorLandscapeResources/DataLayer.uasset" 644
"../../../Engine/Content/EditorLandscapeResources/DataLayer.uexp" 645
"../../../Engine/Content/Functions/Engine_MaterialFunctions01/Shading/PowerToRoughness.uasset" 646
"../../../Engine/Content/Functions/Engine_MaterialFunctions01/Shading/PowerToRoughness.uexp" 647
"../../../Engine/Content/Functions/Engine_MaterialFunctions01/Shading/ConvertFromDiffSpec.uasset" 648
"../../../Engine/Content/Functions/Engine_MaterialFunctions01/Shading/ConvertFromDiffSpec.uexp" 649
"../../../Engine/Content/Maps/Entry_BuiltData.uasset" 650
"../../../Engine/Content/Maps/Entry_BuiltData.uexp" 651
"../../../Engine/Content/Maps/Entry.uexp" 652
"../../../Engine/Content/Maps/Entry.umap" 653
"../../../Engine/Content/BasicShapes/Cube.ubulk" 654
"../../../Engine/Content/BasicShapes/Cube.uasset" 655
"../../../Engine/Content/BasicShapes/Cube.uexp" 656
"../../../Engine/Content/EngineSky/T_Sky_Stars.ubulk" 657
"../../../Engine/Content/EngineSky/T_Sky_Stars.uasset" 658
"../../../Engine/Content/EngineSky/T_Sky_Stars.uexp" 659
"../../../Engine/Content/EngineSky/T_Sky_Clouds_M.ubulk" 660
"../../../Engine/Content/EngineSky/T_Sky_Clouds_M.uasset" 661
"../../../Engine/Content/EngineSky/T_Sky_Clouds_M.uexp" 662
"../../../Engine/Content/EngineSky/T_Sky_Blue.ubulk" 663
"../../../Engine/Content/EngineSky/T_Sky_Blue.uasset" 664
"../../../Engine/Content/EngineSky/T_Sky_Blue.uexp" 665
"../../../Engine/Content/EngineSky/M_Sky_Panning_Clouds2.uasset" 666
"../../../Engine/Content/EngineSky/M_Sky_Panning_Clouds2.uexp" 667
"../../../Engine/Content/EngineSky/SM_SkySphere.ubulk" 668
"../../../Engine/Content/EngineSky/SM_SkySphere.uasset" 669
"../../../Engine/Content/EngineSky/SM_SkySphere.uexp" 670
"E:/Ue_project/SimpleShooter/Content/Player/BP_SSPlayerController.uasset" 671
"E:/Ue_project/SimpleShooter/Content/Player/BP_SSPlayerController.uexp" 672
"E:/Ue_project/SimpleShooter/Content/UI/WBP_SpectatorHUD.uasset" 673
"E:/Ue_project/SimpleShooter/Content/UI/WBP_SpectatorHUD.uexp" 674
"E:/Ue_project/SimpleShooter/Content/UI/Images/RifleCrossHair.uasset" 675
"E:/Ue_project/SimpleShooter/Content/UI/Images/RifleCrossHair.uexp" 676
"E:/Ue_project/SimpleShooter/Content/UI/WBP_PlayerHud.uasset" 677
"E:/Ue_project/SimpleShooter/Content/UI/WBP_PlayerHud.uexp" 678
"E:/Ue_project/SimpleShooter/Content/UI/BP_SSGameHUD.uasset" 679
"E:/Ue_project/SimpleShooter/Content/UI/BP_SSGameHUD.uexp" 680
"../../../Engine/Content/EngineMeshes/Humanoid.uasset" 681
"../../../Engine/Content/EngineMeshes/Humanoid.uexp" 682
"E:/Ue_project/SimpleShooter/Content/ExterminalContent/Characters/HeroTPP/HeroTPP_Skeleton.uasset" 683
"E:/Ue_project/SimpleShooter/Content/ExterminalContent/Characters/HeroTPP/HeroTPP_Skeleton.uexp" 684
"../../../Engine/Content/Animation/DefaultAnimCurveCompressionSettings.uasset" 685
"../../../Engine/Content/Animation/DefaultAnimCurveCompressionSettings.uexp" 686
"../../../Engine/Content/Animation/DefaultAnimBoneCompressionSettings.uasset" 687
"../../../Engine/Content/Animation/DefaultAnimBoneCompressionSettings.uexp" 688
"E:/Ue_project/SimpleShooter/Content/ExterminalContent/Animations/TTP_Animations/Launcher_Reload.uasset" 689
"E:/Ue_project/SimpleShooter/Content/ExterminalContent/Animations/TTP_Animations/Launcher_Reload.uexp" 690
"E:/Ue_project/SimpleShooter/Content/Player/Animations/AM_Launcher_Reload.uasset" 691
"E:/Ue_project/SimpleShooter/Content/Player/Animations/AM_Launcher_Reload.uexp" 692
"E:/Ue_project/SimpleShooter/Content/ExterminalContent/Characters/HeroTPP/HeroTPP_Physics.uasset" 693
"E:/Ue_project/SimpleShooter/Content/ExterminalContent/Characters/HeroTPP/HeroTPP_Physics.uexp" 694
"E:/Ue_project/SimpleShooter/Content/ExterminalContent/Characters/Textures/Chr_FPS_Metal_02.ubulk" 695
"E:/Ue_project/SimpleShooter/Content/ExterminalContent/Characters/Textures/Chr_FPS_Metal_02.uasset" 696
"E:/Ue_project/SimpleShooter/Content/ExterminalContent/Characters/Textures/Chr_FPS_Metal_02.uexp" 697
"E:/Ue_project/SimpleShooter/Content/ExterminalContent/Characters/Materials/ML_Metal_light.uasset" 698
"E:/Ue_project/SimpleShooter/Content/ExterminalContent/Characters/Materials/ML_Metal_light.uexp" 699
"E:/Ue_project/SimpleShooter/Content/ExterminalContent/Characters/Textures/Chr_FPS_N.uasset" 700
"E:/Ue_project/SimpleShooter/Content/ExterminalContent/Characters/Textures/Chr_FPS_N.uexp" 701
"E:/Ue_project/SimpleShooter/Content/ExterminalContent/Environment/PhysicalMaterials/M_BodyDamage.uasset" 702
"E:/Ue_project/SimpleShooter/Content/ExterminalContent/Environment/PhysicalMaterials/M_BodyDamage.uexp" 703
"E:/Ue_project/SimpleShooter/Content/ExterminalContent/Characters/Textures/Chr_FPS_Metal_01.ubulk" 704
"E:/Ue_project/SimpleShooter/Content/ExterminalContent/Characters/Textures/Chr_FPS_Metal_01.uasset" 705
"E:/Ue_project/SimpleShooter/Content/ExterminalContent/Characters/Textures/Chr_FPS_Metal_01.uexp" 706
"E:/Ue_project/SimpleShooter/Content/ExterminalContent/Characters/Textures/Chr_FPS_Fabric_N_01.ubulk" 707
"E:/Ue_project/SimpleShooter/Content/ExterminalContent/Characters/Textures/Chr_FPS_Fabric_N_01.uasset" 708
"E:/Ue_project/SimpleShooter/Content/ExterminalContent/Characters/Textures/Chr_FPS_Fabric_N_01.uexp" 709
"E:/Ue_project/SimpleShooter/Content/ExterminalContent/Characters/Materials/ML_Rubber_light.uasset" 710
"E:/Ue_project/SimpleShooter/Content/ExterminalContent/Characters/Materials/ML_Rubber_light.uexp" 711
"E:/Ue_project/SimpleShooter/Content/ExterminalContent/Characters/Textures/Chr_FPS_M.ubulk" 712
"E:/Ue_project/SimpleShooter/Content/ExterminalContent/Characters/Textures/Chr_FPS_M.uasset" 713
"E:/Ue_project/SimpleShooter/Content/ExterminalContent/Characters/Textures/Chr_FPS_M.uexp" 714
"E:/Ue_project/SimpleShooter/Content/ExterminalContent/Characters/Materials/ML_Metal_Painted.uasset" 715
"E:/Ue_project/SimpleShooter/Content/ExterminalContent/Characters/Materials/ML_Metal_Painted.uexp" 716
"E:/Ue_project/SimpleShooter/Content/ExterminalContent/Characters/Textures/Tiles/T_Sctraches_01.ubulk" 717
"E:/Ue_project/SimpleShooter/Content/ExterminalContent/Characters/Textures/Tiles/T_Sctraches_01.uasset" 718
"E:/Ue_project/SimpleShooter/Content/ExterminalContent/Characters/Textures/Tiles/T_Sctraches_01.uexp" 719
"E:/Ue_project/SimpleShooter/Content/ExterminalContent/Characters/Materials/ML_Glass.uasset" 720
"E:/Ue_project/SimpleShooter/Content/ExterminalContent/Characters/Materials/ML_Glass.uexp" 721
"E:/Ue_project/SimpleShooter/Content/ExterminalContent/Environment/Textures/T_Vista_Grass_N.ubulk" 722
"E:/Ue_project/SimpleShooter/Content/ExterminalContent/Environment/Textures/T_Vista_Grass_N.uasset" 723
"E:/Ue_project/SimpleShooter/Content/ExterminalContent/Environment/Textures/T_Vista_Grass_N.uexp" 724
"E:/Ue_project/SimpleShooter/Content/ExterminalContent/Characters/Materials/ML_Rubber_dark.uasset" 725
"E:/Ue_project/SimpleShooter/Content/ExterminalContent/Characters/Materials/ML_Rubber_dark.uexp" 726
"E:/Ue_project/SimpleShooter/Content/ExterminalContent/Characters/Textures/Chr_FPS_D.ubulk" 727
"E:/Ue_project/SimpleShooter/Content/ExterminalContent/Characters/Textures/Chr_FPS_D.uasset" 728
"E:/Ue_project/SimpleShooter/Content/ExterminalContent/Characters/Textures/Chr_FPS_D.uexp" 729
"E:/Ue_project/SimpleShooter/Content/ExterminalContent/Characters/Textures/Chr_FPS_02_M.ubulk" 730
"E:/Ue_project/SimpleShooter/Content/ExterminalContent/Characters/Textures/Chr_FPS_02_M.uasset" 731
"E:/Ue_project/SimpleShooter/Content/ExterminalContent/Characters/Textures/Chr_FPS_02_M.uexp" 732
"E:/Ue_project/SimpleShooter/Content/ExterminalContent/Characters/Materials/ML_Emissive_Custom.uasset" 733
"E:/Ue_project/SimpleShooter/Content/ExterminalContent/Characters/Materials/ML_Emissive_Custom.uexp" 734
"E:/Ue_project/SimpleShooter/Content/ExterminalContent/Characters/Textures/Chr_FPS_M_03tga.ubulk" 735
"E:/Ue_project/SimpleShooter/Content/ExterminalContent/Characters/Textures/Chr_FPS_M_03tga.uasset" 736
"E:/Ue_project/SimpleShooter/Content/ExterminalContent/Characters/Textures/Chr_FPS_M_03tga.uexp" 737
"E:/Ue_project/SimpleShooter/Content/ExterminalContent/Characters/Materials/ML_Base.uasset" 738
"E:/Ue_project/SimpleShooter/Content/ExterminalContent/Characters/Materials/ML_Base.uexp" 739
"E:/Ue_project/SimpleShooter/Content/ExterminalContent/Characters/Materials/HeroTPP.uasset" 740
"E:/Ue_project/SimpleShooter/Content/ExterminalContent/Characters/Materials/HeroTPP.uexp" 741
"E:/Ue_project/SimpleShooter/Content/ExterminalContent/Characters/HeroTPP/HeroTPP.uasset" 742
"E:/Ue_project/SimpleShooter/Content/ExterminalContent/Characters/HeroTPP/HeroTPP.uexp" 743
"E:/Ue_project/SimpleShooter/Content/ExterminalContent/Animations/TTP_Animations/JumpStart.uasset" 744
"E:/Ue_project/SimpleShooter/Content/ExterminalContent/Animations/TTP_Animations/JumpStart.uexp" 745
"E:/Ue_project/SimpleShooter/Content/ExterminalContent/Animations/TTP_Animations/JumpLoop.uasset" 746
"E:/Ue_project/SimpleShooter/Content/ExterminalContent/Animations/TTP_Animations/JumpLoop.uexp" 747
"E:/Ue_project/SimpleShooter/Content/ExterminalContent/Animations/TTP_Animations/RoadieRun_Fwd.uasset" 748
"E:/Ue_project/SimpleShooter/Content/ExterminalContent/Animations/TTP_Animations/RoadieRun_Fwd.uexp" 749
"E:/Ue_project/SimpleShooter/Content/ExterminalContent/Animations/TTP_Animations/Idle.uasset" 750
"E:/Ue_project/SimpleShooter/Content/ExterminalContent/Animations/TTP_Animations/Idle.uexp" 751
"E:/Ue_project/SimpleShooter/Content/Player/Animations/BS_BaseCharacterRun.uasset" 752
"E:/Ue_project/SimpleShooter/Content/Player/Animations/BS_BaseCharacterRun.uexp" 753
"E:/Ue_project/SimpleShooter/Content/ExterminalContent/Animations/TTP_Animations/Run_Rt.uasset" 754
"E:/Ue_project/SimpleShooter/Content/ExterminalContent/Animations/TTP_Animations/Run_Rt.uexp" 755
"E:/Ue_project/SimpleShooter/Content/ExterminalContent/Animations/TTP_Animations/Run_Lt.uasset" 756
"E:/Ue_project/SimpleShooter/Content/ExterminalContent/Animations/TTP_Animations/Run_Lt.uexp" 757
"E:/Ue_project/SimpleShooter/Content/ExterminalContent/Animations/TTP_Animations/Run_Fwd.uasset" 758
"E:/Ue_project/SimpleShooter/Content/ExterminalContent/Animations/TTP_Animations/Run_Fwd.uexp" 759
"E:/Ue_project/SimpleShooter/Content/ExterminalContent/Animations/TTP_Animations/Run_Bwd.uasset" 760
"E:/Ue_project/SimpleShooter/Content/ExterminalContent/Animations/TTP_Animations/Run_Bwd.uexp" 761
"E:/Ue_project/SimpleShooter/Content/Player/Animations/BS_BaseCharacterLocomotion.uasset" 762
"E:/Ue_project/SimpleShooter/Content/Player/Animations/BS_BaseCharacterLocomotion.uexp" 763
"E:/Ue_project/SimpleShooter/Content/ExterminalContent/Animations/TTP_Animations/JumpEnd.uasset" 764
"E:/Ue_project/SimpleShooter/Content/ExterminalContent/Animations/TTP_Animations/JumpEnd.uexp" 765
"E:/Ue_project/SimpleShooter/Content/ExterminalContent/Animations/TTP_Animations/AimOffsetRightDown.uasset" 766
"E:/Ue_project/SimpleShooter/Content/ExterminalContent/Animations/TTP_Animations/AimOffsetRightDown.uexp" 767
"E:/Ue_project/SimpleShooter/Content/ExterminalContent/Animations/TTP_Animations/AimOffsetDown.uasset" 768
"E:/Ue_project/SimpleShooter/Content/ExterminalContent/Animations/TTP_Animations/AimOffsetDown.uexp" 769
"E:/Ue_project/SimpleShooter/Content/ExterminalContent/Animations/TTP_Animations/AimOffsetLeftDown.uasset" 770
"E:/Ue_project/SimpleShooter/Content/ExterminalContent/Animations/TTP_Animations/AimOffsetLeftDown.uexp" 771
"E:/Ue_project/SimpleShooter/Content/ExterminalContent/Animations/TTP_Animations/AimOffsetLeftUp.uasset" 772
"E:/Ue_project/SimpleShooter/Content/ExterminalContent/Animations/TTP_Animations/AimOffsetLeftUp.uexp" 773
"E:/Ue_project/SimpleShooter/Content/ExterminalContent/Animations/TTP_Animations/AimOffsetRightUp.uasset" 774
"E:/Ue_project/SimpleShooter/Content/ExterminalContent/Animations/TTP_Animations/AimOffsetRightUp.uexp" 775
"E:/Ue_project/SimpleShooter/Content/ExterminalContent/Animations/TTP_Animations/AimOffsetUp.uasset" 776
"E:/Ue_project/SimpleShooter/Content/ExterminalContent/Animations/TTP_Animations/AimOffsetUp.uexp" 777
"E:/Ue_project/SimpleShooter/Content/ExterminalContent/Animations/TTP_Animations/AimOffsetLeft.uasset" 778
"E:/Ue_project/SimpleShooter/Content/ExterminalContent/Animations/TTP_Animations/AimOffsetLeft.uexp" 779
"E:/Ue_project/SimpleShooter/Content/ExterminalContent/Animations/TTP_Animations/AimOffsetFwd.uasset" 780
"E:/Ue_project/SimpleShooter/Content/ExterminalContent/Animations/TTP_Animations/AimOffsetFwd.uexp" 781
"E:/Ue_project/SimpleShooter/Content/ExterminalContent/Animations/TTP_Animations/AimOffsetRight.uasset" 782
"E:/Ue_project/SimpleShooter/Content/ExterminalContent/Animations/TTP_Animations/AimOffsetRight.uexp" 783
"E:/Ue_project/SimpleShooter/Content/Player/Animations/AO_BaseCharacter.uasset" 784
"E:/Ue_project/SimpleShooter/Content/Player/Animations/AO_BaseCharacter.uexp" 785
"../../../Engine/Content/EditorBlueprintResources/StandardMacros.uasset" 786
"../../../Engine/Content/EditorBlueprintResources/StandardMacros.uexp" 787
"E:/Ue_project/SimpleShooter/Content/Player/Animations/ABP_BaseCharacter.uasset" 788
"E:/Ue_project/SimpleShooter/Content/Player/Animations/ABP_BaseCharacter.uexp" 789
"E:/Ue_project/SimpleShooter/Content/UI/Images/LauncherMainIcon.uasset" 790
"E:/Ue_project/SimpleShooter/Content/UI/Images/LauncherMainIcon.uexp" 791
"E:/Ue_project/SimpleShooter/Content/ExterminalContent/Weapons/Textures/Launcher_02_N.ubulk" 792
"E:/Ue_project/SimpleShooter/Content/ExterminalContent/Weapons/Textures/Launcher_02_N.uasset" 793
"E:/Ue_project/SimpleShooter/Content/ExterminalContent/Weapons/Textures/Launcher_02_N.uexp" 794
"E:/Ue_project/SimpleShooter/Content/ExterminalContent/Weapons/Textures/LauncherT2_shade.ubulk" 795
"E:/Ue_project/SimpleShooter/Content/ExterminalContent/Weapons/Textures/LauncherT2_shade.uasset" 796
"E:/Ue_project/SimpleShooter/Content/ExterminalContent/Weapons/Textures/LauncherT2_shade.uexp" 797
"E:/Ue_project/SimpleShooter/Content/ExterminalContent/Weapons/Textures/LauncherT2_section.ubulk" 798
"E:/Ue_project/SimpleShooter/Content/ExterminalContent/Weapons/Textures/LauncherT2_section.uasset" 799
"E:/Ue_project/SimpleShooter/Content/ExterminalContent/Weapons/Textures/LauncherT2_section.uexp" 800
"E:/Ue_project/SimpleShooter/Content/ExterminalContent/Weapons/Materials/Launcher_MatB.uasset" 801
"E:/Ue_project/SimpleShooter/Content/ExterminalContent/Weapons/Materials/Launcher_MatB.uexp" 802
"E:/Ue_project/SimpleShooter/Content/ExterminalContent/Weapons/Materials/Launcher_MatB_Inst.uasset" 803
"E:/Ue_project/SimpleShooter/Content/ExterminalContent/Weapons/Materials/Launcher_MatB_Inst.uexp" 804
"E:/Ue_project/SimpleShooter/Content/ExterminalContent/Weapons/Launcher_Skeleton.uasset" 805
"E:/Ue_project/SimpleShooter/Content/ExterminalContent/Weapons/Launcher_Skeleton.uexp" 806
"E:/Ue_project/SimpleShooter/Content/ExterminalContent/Weapons/Textures/LauncherT1_shade.ubulk" 807
"E:/Ue_project/SimpleShooter/Content/ExterminalContent/Weapons/Textures/LauncherT1_shade.uasset" 808
"E:/Ue_project/SimpleShooter/Content/ExterminalContent/Weapons/Textures/LauncherT1_shade.uexp" 809
"E:/Ue_project/SimpleShooter/Content/ExterminalContent/Weapons/Textures/LauncherT1_section.ubulk" 810
"E:/Ue_project/SimpleShooter/Content/ExterminalContent/Weapons/Textures/LauncherT1_section.uasset" 811
"E:/Ue_project/SimpleShooter/Content/ExterminalContent/Weapons/Textures/LauncherT1_section.uexp" 812
"E:/Ue_project/SimpleShooter/Content/ExterminalContent/Weapons/Textures/Launcher_01_N.ubulk" 813
"E:/Ue_project/SimpleShooter/Content/ExterminalContent/Weapons/Textures/Launcher_01_N.uasset" 814
"E:/Ue_project/SimpleShooter/Content/ExterminalContent/Weapons/Textures/Launcher_01_N.uexp" 815
"E:/Ue_project/SimpleShooter/Content/ExterminalContent/Weapons/Materials/Launcher_MatA.uasset" 816
"E:/Ue_project/SimpleShooter/Content/ExterminalContent/Weapons/Materials/Launcher_MatA.uexp" 817
"E:/Ue_project/SimpleShooter/Content/ExterminalContent/Weapons/Materials/Launcher_MatA_Inst.uasset" 818
"E:/Ue_project/SimpleShooter/Content/ExterminalContent/Weapons/Materials/Launcher_MatA_Inst.uexp" 819
"E:/Ue_project/SimpleShooter/Content/ExterminalContent/Weapons/Launcher.uasset" 820
"E:/Ue_project/SimpleShooter/Content/ExterminalContent/Weapons/Launcher.uexp" 821
"../../../Engine/Content/BasicShapes/Sphere.ubulk" 822
"../../../Engine/Content/BasicShapes/Sphere.uasset" 823
"../../../Engine/Content/BasicShapes/Sphere.uexp" 824
"../../../Engine/Content/MapTemplates/Materials/BasicAsset03.uasset" 825
"../../../Engine/Content/MapTemplates/Materials/BasicAsset03.uexp" 826
"E:/Ue_project/SimpleShooter/Content/Weapon/BP_SSProjectile.uasset" 827
"E:/Ue_project/SimpleShooter/Content/Weapon/BP_SSProjectile.uexp" 828
"E:/Ue_project/SimpleShooter/Content/UI/Images/LauncherCrossHair.uasset" 829
"E:/Ue_project/SimpleShooter/Content/UI/Images/LauncherCrossHair.uexp" 830
"E:/Ue_project/SimpleShooter/Content/Weapon/BP_SSLouncherWeapon.uasset" 831
"E:/Ue_project/SimpleShooter/Content/Weapon/BP_SSLouncherWeapon.uexp" 832
"E:/Ue_project/SimpleShooter/Content/UI/Images/RifleMainIcon.uasset" 833
"E:/Ue_project/SimpleShooter/Content/UI/Images/RifleMainIcon.uexp" 834
"E:/Ue_project/SimpleShooter/Content/Weapon/BP_SSRifleWeapon.uasset" 835
"E:/Ue_project/SimpleShooter/Content/Weapon/BP_SSRifleWeapon.uexp" 836
"E:/Ue_project/SimpleShooter/Content/ExterminalContent/Animations/TTP_Animations/Death.uasset" 837
"E:/Ue_project/SimpleShooter/Content/ExterminalContent/Animations/TTP_Animations/Death.uexp" 838
"E:/Ue_project/SimpleShooter/Content/Player/Animations/AM_Death.uasset" 839
"E:/Ue_project/SimpleShooter/Content/Player/Animations/AM_Death.uexp" 840
"E:/Ue_project/SimpleShooter/Content/ExterminalContent/Animations/TTP_Animations/Equip.uasset" 841
"E:/Ue_project/SimpleShooter/Content/ExterminalContent/Animations/TTP_Animations/Equip.uexp" 842
"E:/Ue_project/SimpleShooter/Content/Player/Animations/AM_Equip.uasset" 843
"E:/Ue_project/SimpleShooter/Content/Player/Animations/AM_Equip.uexp" 844
"E:/Ue_project/SimpleShooter/Content/ExterminalContent/Animations/TTP_Animations/Reload.uasset" 845
"E:/Ue_project/SimpleShooter/Content/ExterminalContent/Animations/TTP_Animations/Reload.uexp" 846
"E:/Ue_project/SimpleShooter/Content/Player/Animations/AM_Rifle_Reload.uasset" 847
"E:/Ue_project/SimpleShooter/Content/Player/Animations/AM_Rifle_Reload.uexp" 848
"E:/Ue_project/SimpleShooter/Content/Player/BP_SSBaseCharacter.uasset" 849
"E:/Ue_project/SimpleShooter/Content/Player/BP_SSBaseCharacter.uexp" 850
"E:/Ue_project/SimpleShooter/Content/BP_SSGameMod.uasset" 851
"E:/Ue_project/SimpleShooter/Content/BP_SSGameMod.uexp" 852
"../../../Engine/Content/EngineSky/M_SimpleSkyDome.uasset" 853
"../../../Engine/Content/EngineSky/M_SimpleSkyDome.uexp" 854
"E:/Ue_project/SimpleShooter/Content/Level/Level_Test2.uexp" 855
"E:/Ue_project/SimpleShooter/Content/Level/Level_Test2.umap" 856
"../../../Engine/Content/BasicShapes/BasicShapeMaterial.uasset" 857
"../../../Engine/Content/BasicShapes/BasicShapeMaterial.uexp" 858
"E:/Ue_project/SimpleShooter/Content/Level/Level_Test.uexp" 859
"E:/Ue_project/SimpleShooter/Content/Level/Level_Test.umap" 860
